<?xml version="1.0" encoding="UTF-8"?>
<!-- Generated by org.testng.reporters.JUnitXMLReporter -->
<testsuite ignored="0" hostname="DESKTOP-V95JLUI" failures="1" tests="1" name="Orange Hrm" time="0.895" errors="0" timestamp="2023-12-12T20:49:17 GMT">
  <testcase classname="com.orangehrmlive.demo.testsuite.LoginTest" name="verifyErrorMessageWithInvalidCredentials" time="0.0">
    <failure type="org.testng.TestNGException" message="
Method public void com.orangehrmlive.demo.testsuite.LoginTest.verifyErrorMessageWithInvalidCredentials(java.lang.String,java.lang.String,java.lang.String) requires a @DataProvider named : credentials in class resources.testdata.TestDate">
      <![CDATA[org.testng.TestNGException: 
Method public void com.orangehrmlive.demo.testsuite.LoginTest.verifyErrorMessageWithInvalidCredentials(java.lang.String,java.lang.String,java.lang.String) requires a @DataProvider named : credentials in class resources.testdata.TestDate
at java.base/java.util.ArrayList.forEach(ArrayList.java:1511)
at com.intellij.rt.testng.IDEARemoteTestNG.run(IDEARemoteTestNG.java:66)
at com.intellij.rt.testng.RemoteTestNGStarter.main(RemoteTestNGStarter.java:105)
... Removed 21 stack frames]]>
    </failure>
  </testcase> <!-- verifyErrorMessageWithInvalidCredentials -->
</testsuite> <!-- Orange Hrm -->
